<?xml version="1.0" encoding="UTF-8"?>
<testng-results ignored="0" total="1" passed="1" failed="0" skipped="0">
  <reporter-output>
  </reporter-output>
  <suite started-at="2021-07-26T21:04:08 EDT" name="InetBankingV2" finished-at="2021-07-26T21:04:44 EDT" duration-ms="35451">
    <groups>
    </groups>
    <test started-at="2021-07-26T21:04:08 EDT" name="BankingApp Test" finished-at="2021-07-26T21:04:44 EDT" duration-ms="35451">
      <class name="com.inetBanking.testCases.TC_AddCustomer_002">
        <test-method is-config="true" signature="setup(java.lang.String)[pri:0, instance:com.inetBanking.testCases.TC_AddCustomer_002@4dbb42b7]" started-at="2021-07-26T21:04:08 EDT" name="setup" finished-at="2021-07-26T21:04:21 EDT" duration-ms="12503" status="PASS">
          <params>
            <param index="0">
              <value>
                <![CDATA[chrome]]>
              </value>
            </param>
          </params>
          <reporter-output>
          </reporter-output>
        </test-method> <!-- setup -->
        <test-method signature="AddCustomer()[pri:0, instance:com.inetBanking.testCases.TC_AddCustomer_002@4dbb42b7]" started-at="2021-07-26T21:04:21 EDT" name="AddCustomer" finished-at="2021-07-26T21:04:43 EDT" duration-ms="21924" status="PASS">
          <reporter-output>
          </reporter-output>
        </test-method> <!-- AddCustomer -->
        <test-method is-config="true" signature="tearDown()[pri:0, instance:com.inetBanking.testCases.TC_AddCustomer_002@4dbb42b7]" started-at="2021-07-26T21:04:43 EDT" name="tearDown" finished-at="2021-07-26T21:04:44 EDT" duration-ms="748" status="PASS">
          <reporter-output>
          </reporter-output>
        </test-method> <!-- tearDown -->
      </class> <!-- com.inetBanking.testCases.TC_AddCustomer_002 -->
    </test> <!-- BankingApp Test -->
  </suite> <!-- InetBankingV2 -->
</testng-results>
