<?xml version="1.0" encoding="UTF-8"?>
<testsuite xmlns:xsi="http://www.w3.org/2001/XMLSchema-instance" xsi:noNamespaceSchemaLocation="https://maven.apache.org/surefire/maven-surefire-plugin/xsd/surefire-test-report-3.0.xsd" version="3.0" name="TestSuite" time="36.384" tests="1" errors="0" skipped="0" failures="0">
  <properties>
[...]
</properties>
  <testcase name="AddCustomer" classname="com.inetBanking.testCases.TC_AddCustomer_002" time="21.913">
    <system-out><![CDATA[ INFO [main] (TC_AddCustomer_002.java:20)- User name is provided
Screenshot taken
 INFO [main] (TC_AddCustomer_002.java:24)- Passsword is provided
Screenshot taken
Screenshot taken
 INFO [main] (TC_AddCustomer_002.java:37)- providing customer details....
Screenshot taken
Screenshot taken
Screenshot taken
Screenshot taken
Screenshot taken
Screenshot taken
Screenshot taken
Screenshot taken
Screenshot taken
Screenshot taken
Screenshot taken
Screenshot taken
Screenshot taken
Screenshot taken
 INFO [main] (TC_AddCustomer_002.java:87)- test case passed....
]]></system-out>
    <system-err><![CDATA[SLF4J: Failed to load class "org.slf4j.impl.StaticLoggerBinder".
SLF4J: Defaulting to no-operation (NOP) logger implementation
SLF4J: See http://www.slf4j.org/codes.html#StaticLoggerBinder for further details.
log4j:WARN No appenders could be found for logger (io.netty.util.internal.logging.InternalLoggerFactory).
log4j:WARN Please initialize the log4j system properly.
log4j:WARN See http://logging.apache.org/log4j/1.2/faq.html#noconfig for more info.
Starting ChromeDriver 2.40.565498 (ea082db3280dd6843ebfb08a625e3eb905c4f5ab) on port 38139
Only local connections are allowed.
[1627347853.558][WARNING]: Timed out connecting to Chrome, retrying...
Jul 26, 2021 9:04:15 PM org.openqa.selenium.remote.ProtocolHandshake createSession
INFO: Detected dialect: OSS
Jul 26, 2021 9:04:15 PM org.openqa.selenium.devtools.CdpVersionFinder findNearestMatch
INFO: Found exact CDP implementation for version 91
[1627347859.200][WARNING]: Timed out connecting to Chrome, retrying...
]]></system-err>
  </testcase>
</testsuite>